[init] [90m[4mquery:[24m[39m [94mSELECT[0m [37m*[0m [94mFROM[0m [95mcurrent_schema[0m[37m([0m[37m)[0m
[init] [90m[4mquery:[24m[39m [94mSELECT[0m [95mversion[0m[37m([0m[37m)[0m[37m;[0m
[init] [90m[4mquery:[24m[39m [94mSELECT[0m [37m*[0m [94mFROM[0m [37m"information_schema"[0m[37m.[0m[37m"tables"[0m [94mWHERE[0m [37m"table_schema"[0m [37m=[0m [37m'public'[0m [94mAND[0m [37m"table_name"[0m [37m=[0m [37m'migrations'[0m
[init] [90m[4mquery:[24m[39m [94mSELECT[0m [37m*[0m [94mFROM[0m [37m"migrations"[0m [37m"migrations"[0m [94mORDER BY[0m [37m"id"[0m [94mDESC[0m
[init] [4mNo migrations are pending[24m
[api] 12:37:49 [1m[36mINFO [0m [1m[34msqd:commands[0m SERVE:PROD
[processor] 12:37:49 [1m[36mINFO [0m [1m[34msqd:commands[0m MIGRATION:APPLY
[processor] [90m[4mquery:[24m[39m [94mSELECT[0m [37m*[0m [94mFROM[0m [95mcurrent_schema[0m[37m([0m[37m)[0m
[processor] [90m[4mquery:[24m[39m [94mSELECT[0m [95mversion[0m[37m([0m[37m)[0m[37m;[0m
[processor] [90m[4mquery:[24m[39m [94mSELECT[0m [37m*[0m [94mFROM[0m [37m"information_schema"[0m[37m.[0m[37m"tables"[0m [94mWHERE[0m [37m"table_schema"[0m [37m=[0m [37m'public'[0m [94mAND[0m [37m"table_name"[0m [37m=[0m [37m'migrations'[0m
[processor] [90m[4mquery:[24m[39m [94mSELECT[0m [37m*[0m [94mFROM[0m [37m"migrations"[0m [37m"migrations"[0m [94mORDER BY[0m [37m"id"[0m [94mDESC[0m
[processor] [4mNo migrations are pending[24m
[processor] 12:37:49 [1m[36mINFO [0m [1m[34msqd:commands[0m PROCESS:PROD
[api] 12:37:50 [1m[33mWARN [0m [1m[34msqd:graphql-server[0m enabling dumb in-memory cache (size: 100mb, ttl: 1000ms, max-age: 1000ms)
[api] 12:37:50 [1m[36mINFO [0m [1m[34msqd:graphql-server[0m listening on port 4350
[processor] 12:37:50 [1m[36mINFO [0m [1m[34msqd:processor[0m last processed final block was 12104959
[processor] 12:37:50 [1m[36mINFO [0m [1m[34msqd:processor[0m processing blocks from 12104960
[processor] 12:37:50 [1m[36mINFO [0m [1m[34msqd:processor[0m using archive data source
[processor] 12:37:50 [1m[36mINFO [0m [1m[34msqd:processor[0m prometheus metrics are served at port 54728
[processor] 12:37:52 [1m[36mINFO [0m [1m[34msqd:processor:mapping[0m Processed blocks from 12104960 to 12161059, saved 0 transfers, 0 snapshots, and 0 accounts
[processor] 12:37:52 [1m[36mINFO [0m [1m[34msqd:processor[0m 12161059 / 22216750, rate: 33254 blocks/sec, mapping: 908 blocks/sec, 23 items/sec, eta: 6m
[processor] 12:37:54 [1m[36mINFO [0m [1m[34msqd:processor:mapping[0m Processed blocks from 12161060 to 12217499, saved 0 transfers, 0 snapshots, and 0 accounts
[processor] 12:37:55 [1m[36mINFO [0m [1m[34msqd:processor:mapping[0m Processed blocks from 12217500 to 12272239, saved 0 transfers, 0 snapshots, and 0 accounts
[processor] 12:37:56 [1m[36mINFO [0m [1m[34msqd:processor:mapping[0m Processed blocks from 12272240 to 12321219, saved 0 transfers, 0 snapshots, and 0 accounts
[processor] 12:37:57 [1m[36mINFO [0m [1m[34msqd:processor[0m 12321219 / 22216750, rate: 38530 blocks/sec, mapping: 1348 blocks/sec, 34 items/sec, eta: 5m
[processor] 12:37:59 [1m[36mINFO [0m [1m[34msqd:processor:mapping[0m Processed blocks from 12321220 to 12401779, saved 0 transfers, 0 snapshots, and 0 accounts
[processor] 12:37:59 [1m[36mINFO [0m [1m[34msqd:processor:mapping[0m Processed blocks from 12401780 to 12413379, saved 0 transfers, 0 snapshots, and 0 accounts
[processor] 12:38:01 [1m[36mINFO [0m [1m[34msqd:processor:mapping[0m Processed blocks from 12413380 to 12459739, saved 0 transfers, 0 snapshots, and 0 accounts
[processor] 12:38:02 [1m[36mINFO [0m [1m[34msqd:processor[0m 12459739 / 22216750, rate: 35047 blocks/sec, mapping: 1976 blocks/sec, 49 items/sec, eta: 5m
[processor] 12:38:02 [1m[36mINFO [0m [1m[34msqd:processor:mapping[0m Processed blocks from 12459740 to 12504699, saved 0 transfers, 0 snapshots, and 0 accounts
[processor] 12:38:04 [1m[36mINFO [0m [1m[34msqd:processor:mapping[0m Processed blocks from 12504700 to 12552719, saved 0 transfers, 0 snapshots, and 0 accounts
[processor] 12:38:06 [1m[36mINFO [0m [1m[34msqd:processor:mapping[0m Processed blocks from 12552720 to 12601619, saved 0 transfers, 0 snapshots, and 0 accounts
[processor] 12:38:06 [1m[36mINFO [0m [1m[34msqd:processor:mapping[0m Processed blocks from 12601620 to 12649279, saved 0 transfers, 0 snapshots, and 0 accounts
[processor] 12:38:07 [1m[36mINFO [0m [1m[34msqd:processor[0m 12649279 / 22216750, rate: 33921 blocks/sec, mapping: 1076 blocks/sec, 27 items/sec, eta: 5m
[processor] 12:38:08 [1m[36mINFO [0m [1m[34msqd:processor:mapping[0m Processed blocks from 12649280 to 12695639, saved 0 transfers, 0 snapshots, and 0 accounts
[processor] 12:38:09 [1m[36mINFO [0m [1m[34msqd:processor:mapping[0m Processed blocks from 12695640 to 12742119, saved 0 transfers, 0 snapshots, and 0 accounts
[processor] 12:38:11 [1m[36mINFO [0m [1m[34msqd:processor:mapping[0m Processed blocks from 12742120 to 12790519, saved 0 transfers, 0 snapshots, and 0 accounts
[processor] 12:38:12 [1m[36mINFO [0m [1m[34msqd:processor[0m 12790519 / 22216750, rate: 33288 blocks/sec, mapping: 726 blocks/sec, 18 items/sec, eta: 5m
[processor] 12:38:13 [1m[36mINFO [0m [1m[34msqd:processor:mapping[0m Processed blocks from 12790520 to 12838979, saved 0 transfers, 0 snapshots, and 0 accounts
[processor] 12:38:14 [1m[36mINFO [0m [1m[34msqd:processor:mapping[0m Processed blocks from 12838980 to 12886219, saved 0 transfers, 0 snapshots, and 0 accounts
[processor] 12:38:15 [1m[36mINFO [0m [1m[34msqd:processor:mapping[0m Processed blocks from 12886220 to 12933179, saved 0 transfers, 0 snapshots, and 0 accounts
[processor] 12:38:17 [1m[36mINFO [0m [1m[34msqd:processor[0m 12933179 / 22216750, rate: 33057 blocks/sec, mapping: 1233 blocks/sec, 31 items/sec, eta: 5m
[processor] 12:38:17 [1m[36mINFO [0m [1m[34msqd:processor:mapping[0m Processed blocks from 12933180 to 12980359, saved 0 transfers, 0 snapshots, and 0 accounts
[processor] 12:38:18 [1m[36mINFO [0m [1m[34msqd:processor:mapping[0m Processed blocks from 12980360 to 13026899, saved 0 transfers, 0 snapshots, and 0 accounts
[processor] 12:38:20 [1m[36mINFO [0m [1m[34msqd:processor:mapping[0m Processed blocks from 13026900 to 13073499, saved 0 transfers, 0 snapshots, and 0 accounts
[processor] 12:38:21 [1m[36mINFO [0m [1m[34msqd:processor:mapping[0m Processed blocks from 13073500 to 13119539, saved 0 transfers, 0 snapshots, and 0 accounts
[processor] 12:38:22 [1m[36mINFO [0m [1m[34msqd:processor[0m 13119539 / 22216750, rate: 32850 blocks/sec, mapping: 850 blocks/sec, 21 items/sec, eta: 5m
[processor] 12:38:22 [1m[36mINFO [0m [1m[34msqd:processor:mapping[0m Processed blocks from 13119540 to 13170759, saved 0 transfers, 0 snapshots, and 0 accounts
[processor] 12:38:24 [1m[36mINFO [0m [1m[34msqd:processor:mapping[0m Processed blocks from 13170760 to 13219379, saved 0 transfers, 0 snapshots, and 0 accounts
[processor] 12:38:25 [1m[36mINFO [0m [1m[34msqd:processor:mapping[0m Processed blocks from 13219380 to 13265559, saved 0 transfers, 0 snapshots, and 0 accounts
[processor] 12:38:26 [1m[36mINFO [0m [1m[34msqd:processor:mapping[0m Processed blocks from 13265560 to 13310439, saved 0 transfers, 0 snapshots, and 0 accounts
[processor] 12:38:27 [1m[36mINFO [0m [1m[34msqd:processor[0m 13310439 / 22216750, rate: 33525 blocks/sec, mapping: 781 blocks/sec, 20 items/sec, eta: 5m
[processor] 12:38:27 [1m[36mINFO [0m [1m[34msqd:processor:mapping[0m Processed blocks from 13310440 to 13356079, saved 0 transfers, 0 snapshots, and 0 accounts
[processor] 12:38:29 [1m[36mINFO [0m [1m[34msqd:processor:mapping[0m Processed blocks from 13356080 to 13404019, saved 0 transfers, 0 snapshots, and 0 accounts
[processor] 12:38:30 [1m[36mINFO [0m [1m[34msqd:processor:mapping[0m Processed blocks from 13404020 to 13453219, saved 0 transfers, 0 snapshots, and 0 accounts
[processor] 12:38:32 [1m[36mINFO [0m [1m[34msqd:processor:mapping[0m Processed blocks from 13453220 to 13501119, saved 0 transfers, 0 snapshots, and 0 accounts
[processor] 12:38:32 [1m[36mINFO [0m [1m[34msqd:processor[0m 13501119 / 22216750, rate: 33969 blocks/sec, mapping: 1872 blocks/sec, 47 items/sec, eta: 5m
[processor] 12:38:33 [1m[36mINFO [0m [1m[34msqd:processor:mapping[0m Processed blocks from 13501120 to 13548399, saved 0 transfers, 0 snapshots, and 0 accounts
[processor] 12:38:34 [1m[36mINFO [0m [1m[34msqd:processor:mapping[0m Processed blocks from 13548400 to 13596499, saved 0 transfers, 0 snapshots, and 0 accounts
[processor] 12:38:35 [1m[36mINFO [0m [1m[34msqd:processor:mapping[0m Processed blocks from 13596500 to 13644699, saved 0 transfers, 0 snapshots, and 0 accounts
[processor] 12:38:37 [1m[36mINFO [0m [1m[34msqd:processor:mapping[0m Processed blocks from 13644700 to 13692459, saved 0 transfers, 0 snapshots, and 0 accounts
[processor] 12:38:37 [1m[36mINFO [0m [1m[34msqd:processor[0m 13692459 / 22216750, rate: 34266 blocks/sec, mapping: 2588 blocks/sec, 65 items/sec, eta: 5m
[processor] 12:38:38 [1m[36mINFO [0m [1m[34msqd:processor:mapping[0m Processed blocks from 13692460 to 13741379, saved 0 transfers, 0 snapshots, and 0 accounts
[processor] 12:38:40 [1m[36mINFO [0m [1m[34msqd:processor:mapping[0m Processed blocks from 13741380 to 13790639, saved 0 transfers, 0 snapshots, and 0 accounts
[processor] 12:38:41 [1m[36mINFO [0m [1m[34msqd:processor:mapping[0m Processed blocks from 13790640 to 13839919, saved 0 transfers, 0 snapshots, and 0 accounts
[processor] 12:38:42 [1m[36mINFO [0m [1m[34msqd:processor[0m 13839919 / 22216750, rate: 34241 blocks/sec, mapping: 2098 blocks/sec, 52 items/sec, eta: 5m
[processor] 12:38:42 [1m[36mINFO [0m [1m[34msqd:processor:mapping[0m Processed blocks from 13839920 to 13888079, saved 0 transfers, 0 snapshots, and 0 accounts
[processor] 12:38:44 [1m[36mINFO [0m [1m[34msqd:processor:mapping[0m Processed blocks from 13888080 to 13933859, saved 0 transfers, 0 snapshots, and 0 accounts
[processor] 12:38:45 [1m[36mINFO [0m [1m[34msqd:processor:mapping[0m Processed blocks from 13933860 to 13977559, saved 0 transfers, 0 snapshots, and 0 accounts
[processor] 12:38:46 [1m[36mINFO [0m [1m[34msqd:processor:mapping[0m Processed blocks from 13977560 to 14022779, saved 0 transfers, 0 snapshots, and 0 accounts
[processor] 12:38:47 [1m[36mINFO [0m [1m[34msqd:processor[0m 14022779 / 22216750, rate: 34630 blocks/sec, mapping: 1613 blocks/sec, 40 items/sec, eta: 4m
[processor] 12:38:47 [1m[36mINFO [0m [1m[34msqd:processor:mapping[0m Processed blocks from 14022780 to 14065019, saved 0 transfers, 0 snapshots, and 0 accounts
[processor] 12:38:48 [1m[36mINFO [0m [1m[34msqd:processor:mapping[0m Processed blocks from 14065020 to 14106959, saved 0 transfers, 0 snapshots, and 0 accounts
[processor] 12:38:49 [1m[36mINFO [0m [1m[34msqd:processor:mapping[0m Processed blocks from 14106960 to 14151119, saved 0 transfers, 0 snapshots, and 0 accounts
[processor] 12:38:50 [1m[36mINFO [0m [1m[34msqd:processor:mapping[0m Processed blocks from 14151120 to 14194399, saved 0 transfers, 0 snapshots, and 0 accounts
[processor] 12:38:52 [1m[36mINFO [0m [1m[34msqd:processor:mapping[0m Processed blocks from 14194400 to 14235899, saved 0 transfers, 0 snapshots, and 0 accounts
[processor] 12:38:52 [1m[36mINFO [0m [1m[34msqd:processor[0m 14235899 / 22216750, rate: 34727 blocks/sec, mapping: 2145 blocks/sec, 54 items/sec, eta: 4m
[processor] 12:38:54 [1m[36mINFO [0m [1m[34msqd:processor:mapping[0m Processed blocks from 14235900 to 14316399, saved 0 transfers, 0 snapshots, and 0 accounts
[processor] 12:38:55 [1m[36mINFO [0m [1m[34msqd:processor:mapping[0m Processed blocks from 14316400 to 14358659, saved 0 transfers, 0 snapshots, and 0 accounts
[processor] 12:38:56 [1m[36mINFO [0m [1m[34msqd:processor:mapping[0m Processed blocks from 14358660 to 14400639, saved 0 transfers, 0 snapshots, and 0 accounts
[processor] 12:38:57 [1m[36mINFO [0m [1m[34msqd:processor[0m 14400639 / 22216750, rate: 34903 blocks/sec, mapping: 2306 blocks/sec, 48 items/sec, eta: 4m
[processor] 12:38:58 [1m[36mINFO [0m [1m[34msqd:processor:mapping[0m Processed blocks from 14400640 to 14442039, saved 0 transfers, 0 snapshots, and 0 accounts
[processor] 12:38:59 [1m[36mINFO [0m [1m[34msqd:processor:mapping[0m Processed blocks from 14442040 to 14483179, saved 0 transfers, 0 snapshots, and 0 accounts
[processor] 12:39:00 [1m[36mINFO [0m [1m[34msqd:processor:mapping[0m Processed blocks from 14483180 to 14523479, saved 0 transfers, 0 snapshots, and 0 accounts
[processor] 12:39:02 [1m[36mINFO [0m [1m[34msqd:processor:mapping[0m Processed blocks from 14523480 to 14562599, saved 0 transfers, 0 snapshots, and 0 accounts
[processor] 12:39:02 [1m[36mINFO [0m [1m[34msqd:processor[0m 14562599 / 22216750, rate: 34546 blocks/sec, mapping: 1480 blocks/sec, 37 items/sec, eta: 4m
[processor] 12:39:02 [1m[36mINFO [0m [1m[34msqd:processor:mapping[0m Processed blocks from 14562600 to 14602039, saved 0 transfers, 0 snapshots, and 0 accounts
[processor] 12:39:04 [1m[36mINFO [0m [1m[34msqd:processor:mapping[0m Processed blocks from 14602040 to 14641539, saved 0 transfers, 0 snapshots, and 0 accounts
[processor] 12:39:05 [1m[36mINFO [0m [1m[34msqd:processor:mapping[0m Processed blocks from 14641540 to 14680419, saved 0 transfers, 0 snapshots, and 0 accounts
[processor] 12:39:06 [1m[36mINFO [0m [1m[34msqd:processor:mapping[0m Processed blocks from 14680420 to 14721379, saved 0 transfers, 0 snapshots, and 0 accounts
[processor] 12:39:07 [1m[36mINFO [0m [1m[34msqd:processor:mapping[0m Processed blocks from 14721380 to 14759599, saved 0 transfers, 0 snapshots, and 0 accounts
[processor] 12:39:07 [1m[36mINFO [0m [1m[34msqd:processor[0m 14759599 / 22216750, rate: 34585 blocks/sec, mapping: 2133 blocks/sec, 53 items/sec, eta: 4m
[processor] 12:39:08 [1m[36mINFO [0m [1m[34msqd:processor:mapping[0m Processed blocks from 14759600 to 14797579, saved 0 transfers, 0 snapshots, and 0 accounts
[processor] 12:39:09 [1m[36mINFO [0m [1m[34msqd:processor:mapping[0m Processed blocks from 14797580 to 14837179, saved 0 transfers, 0 snapshots, and 0 accounts
[processor] 12:39:11 [1m[36mINFO [0m [1m[34msqd:processor:mapping[0m Processed blocks from 14837180 to 14873979, saved 0 transfers, 0 snapshots, and 0 accounts
[processor] 12:39:12 [1m[36mINFO [0m [1m[34msqd:processor:mapping[0m Processed blocks from 14873980 to 14912259, saved 0 transfers, 0 snapshots, and 0 accounts
[processor] 12:39:12 [1m[36mINFO [0m [1m[34msqd:processor[0m 14912259 / 22216750, rate: 34635 blocks/sec, mapping: 2005 blocks/sec, 50 items/sec, eta: 4m
[processor] 12:39:13 [1m[36mINFO [0m [1m[34msqd:processor:mapping[0m Processed blocks from 14912260 to 14951539, saved 0 transfers, 0 snapshots, and 0 accounts
[processor] 12:39:14 [1m[36mINFO [0m [1m[34msqd:processor:mapping[0m Processed blocks from 14951540 to 14990539, saved 0 transfers, 0 snapshots, and 0 accounts
[processor] 12:39:15 [1m[36mINFO [0m [1m[34msqd:processor:mapping[0m Processed blocks from 14990540 to 15029539, saved 0 transfers, 0 snapshots, and 0 accounts
[processor] 12:39:17 [1m[36mINFO [0m [1m[34msqd:processor[0m 15029539 / 22216750, rate: 34884 blocks/sec, mapping: 2071 blocks/sec, 52 items/sec, eta: 4m
[processor] 12:39:17 [1m[36mINFO [0m [1m[34msqd:processor:mapping[0m Processed blocks from 15029540 to 15106719, saved 0 transfers, 0 snapshots, and 0 accounts
[processor] 12:39:18 [1m[36mINFO [0m [1m[34msqd:processor:mapping[0m Processed blocks from 15106720 to 15113399, saved 0 transfers, 0 snapshots, and 0 accounts
[processor] 12:39:19 [1m[36mINFO [0m [1m[34msqd:processor:mapping[0m Processed blocks from 15113400 to 15156299, saved 0 transfers, 0 snapshots, and 0 accounts
[processor] 12:39:21 [1m[36mINFO [0m [1m[34msqd:processor:mapping[0m Processed blocks from 15156300 to 15233679, saved 0 transfers, 0 snapshots, and 0 accounts
[processor] 12:39:22 [1m[36mINFO [0m [1m[34msqd:processor:mapping[0m Processed blocks from 15233680 to 15240199, saved 0 transfers, 0 snapshots, and 0 accounts
[processor] 12:39:22 [1m[36mINFO [0m [1m[34msqd:processor[0m 15240199 / 22216750, rate: 34797 blocks/sec, mapping: 2184 blocks/sec, 55 items/sec, eta: 4m
[processor] 12:39:23 [1m[36mINFO [0m [1m[34msqd:processor:mapping[0m Processed blocks from 15240200 to 15281999, saved 0 transfers, 0 snapshots, and 0 accounts
[processor] 12:39:24 [1m[36mINFO [0m [1m[34msqd:processor:mapping[0m Processed blocks from 15282000 to 15321959, saved 0 transfers, 0 snapshots, and 0 accounts
[processor] 12:39:27 [1m[36mINFO [0m [1m[34msqd:processor:mapping[0m Processed blocks from 15321960 to 15357839, saved 0 transfers, 0 snapshots, and 0 accounts
[processor] 12:39:27 [1m[36mINFO [0m [1m[34msqd:processor[0m 15357839 / 22216750, rate: 33974 blocks/sec, mapping: 1937 blocks/sec, 49 items/sec, eta: 4m
[processor] 12:39:27 [1m[36mINFO [0m [1m[34msqd:processor:mapping[0m Processed blocks from 15357840 to 15361759, saved 0 transfers, 0 snapshots, and 0 accounts
[processor] 12:39:28 [1m[36mINFO [0m [1m[34msqd:processor:mapping[0m Processed blocks from 15361760 to 15401019, saved 0 transfers, 0 snapshots, and 0 accounts
[processor] 12:39:30 [1m[36mINFO [0m [1m[34msqd:processor:mapping[0m Processed blocks from 15401020 to 15439959, saved 0 transfers, 0 snapshots, and 0 accounts
[processor] 12:39:31 [1m[36mINFO [0m [1m[34msqd:processor:mapping[0m Processed blocks from 15439960 to 15482239, saved 0 transfers, 0 snapshots, and 0 accounts
[processor] 12:39:32 [1m[36mINFO [0m [1m[34msqd:processor[0m 15482239 / 22216750, rate: 33550 blocks/sec, mapping: 1302 blocks/sec, 41 items/sec, eta: 4m
[processor] 12:39:32 [1m[36mINFO [0m [1m[34msqd:processor:mapping[0m Processed blocks from 15482240 to 15523059, saved 0 transfers, 0 snapshots, and 0 accounts
[processor] 12:39:33 [1m[36mINFO [0m [1m[34msqd:processor:mapping[0m Processed blocks from 15523060 to 15565999, saved 0 transfers, 0 snapshots, and 0 accounts
[processor] 12:39:35 [1m[36mINFO [0m [1m[34msqd:processor:mapping[0m Processed blocks from 15566000 to 15606459, saved 0 transfers, 0 snapshots, and 0 accounts
[processor] 12:39:36 [1m[36mINFO [0m [1m[34msqd:processor:mapping[0m Processed blocks from 15606460 to 15648239, saved 0 transfers, 0 snapshots, and 0 accounts
[processor] 12:39:37 [1m[36mINFO [0m [1m[34msqd:processor[0m 15648239 / 22216750, rate: 33542 blocks/sec, mapping: 1836 blocks/sec, 46 items/sec, eta: 4m
[processor] 12:39:38 [1m[36mINFO [0m [1m[34msqd:processor:mapping[0m Processed blocks from 15648240 to 15689199, saved 0 transfers, 0 snapshots, and 0 accounts
[processor] 12:39:39 [1m[36mINFO [0m [1m[34msqd:processor:mapping[0m Processed blocks from 15689200 to 15737719, saved 0 transfers, 0 snapshots, and 0 accounts
[processor] 12:39:40 [1m[36mINFO [0m [1m[34msqd:processor:mapping[0m Processed blocks from 15737720 to 15781079, saved 0 transfers, 0 snapshots, and 0 accounts
[processor] 12:39:41 [1m[36mINFO [0m [1m[34msqd:processor:mapping[0m Processed blocks from 15781080 to 15824279, saved 0 transfers, 0 snapshots, and 0 accounts
[processor] 12:39:42 [1m[36mINFO [0m [1m[34msqd:processor[0m 15824279 / 22216750, rate: 33156 blocks/sec, mapping: 2557 blocks/sec, 64 items/sec, eta: 4m
[processor] 12:39:42 [1m[36mINFO [0m [1m[34msqd:processor:mapping[0m Processed blocks from 15824280 to 15865639, saved 0 transfers, 0 snapshots, and 0 accounts
[processor] 12:39:44 [1m[36mINFO [0m [1m[34msqd:processor:mapping[0m Processed blocks from 15865640 to 15909199, saved 0 transfers, 0 snapshots, and 0 accounts
[processor] 12:39:45 [1m[36mINFO [0m [1m[34msqd:processor:mapping[0m Processed blocks from 15909200 to 15949179, saved 0 transfers, 0 snapshots, and 0 accounts
[processor] 12:39:47 [1m[36mINFO [0m [1m[34msqd:processor:mapping[0m Processed blocks from 15949180 to 15991299, saved 0 transfers, 0 snapshots, and 0 accounts
[processor] 12:39:47 [1m[36mINFO [0m [1m[34msqd:processor[0m 15991299 / 22216750, rate: 32721 blocks/sec, mapping: 1589 blocks/sec, 40 items/sec, eta: 4m
[processor] 12:39:48 [1m[36mINFO [0m [1m[34msqd:processor:mapping[0m Processed blocks from 15991300 to 16035679, saved 0 transfers, 0 snapshots, and 0 accounts
[processor] 12:39:49 [1m[36mINFO [0m [1m[34msqd:processor:mapping[0m Processed blocks from 16035680 to 16081279, saved 0 transfers, 0 snapshots, and 0 accounts
[processor] 12:39:50 [1m[36mINFO [0m [1m[34msqd:processor:mapping[0m Processed blocks from 16081280 to 16125859, saved 0 transfers, 0 snapshots, and 0 accounts
[processor] 12:39:51 [1m[36mINFO [0m [1m[34msqd:processor:mapping[0m Processed blocks from 16125860 to 16171339, saved 0 transfers, 0 snapshots, and 0 accounts
[processor] 12:39:52 [1m[36mINFO [0m [1m[34msqd:processor[0m 16171339 / 22216750, rate: 32715 blocks/sec, mapping: 2691 blocks/sec, 67 items/sec, eta: 4m
[processor] 12:39:54 [1m[36mINFO [0m [1m[34msqd:processor:mapping[0m Processed blocks from 16171340 to 16230439, saved 0 transfers, 0 snapshots, and 0 accounts
[processor] 12:39:54 [1m[36mINFO [0m [1m[34msqd:processor:mapping[0m Processed blocks from 16230440 to 16256259, saved 0 transfers, 0 snapshots, and 0 accounts
[processor] 12:39:56 [1m[36mINFO [0m [1m[34msqd:processor:mapping[0m Processed blocks from 16256260 to 16299859, saved 0 transfers, 0 snapshots, and 0 accounts
[processor] 12:39:57 [1m[36mINFO [0m [1m[34msqd:processor:mapping[0m Processed blocks from 16299860 to 16343639, saved 0 transfers, 0 snapshots, and 0 accounts
[processor] 12:39:57 [1m[36mINFO [0m [1m[34msqd:processor[0m 16343639 / 22216750, rate: 32129 blocks/sec, mapping: 2182 blocks/sec, 55 items/sec, eta: 4m
[processor] 12:39:59 [1m[36mINFO [0m [1m[34msqd:processor:mapping[0m Processed blocks from 16343640 to 16384579, saved 0 transfers, 0 snapshots, and 0 accounts
[processor] 12:40:00 [1m[36mINFO [0m [1m[34msqd:processor:mapping[0m Processed blocks from 16384580 to 16423939, saved 0 transfers, 0 snapshots, and 0 accounts
[processor] 12:40:01 [1m[36mINFO [0m [1m[34msqd:processor:mapping[0m Processed blocks from 16423940 to 16465999, saved 0 transfers, 0 snapshots, and 0 accounts
[processor] 12:40:02 [1m[36mINFO [0m [1m[34msqd:processor[0m 16465999 / 22216750, rate: 31765 blocks/sec, mapping: 2436 blocks/sec, 61 items/sec, eta: 4m
[processor] 12:40:02 [1m[36mINFO [0m [1m[34msqd:processor:mapping[0m Processed blocks from 16466000 to 16507879, saved 0 transfers, 0 snapshots, and 0 accounts
[processor] 12:40:05 [1m[36mINFO [0m [1m[34msqd:processor:mapping[0m Processed blocks from 16507880 to 16581859, saved 0 transfers, 0 snapshots, and 0 accounts
[processor] 12:40:05 [1m[36mINFO [0m [1m[34msqd:processor:mapping[0m Processed blocks from 16581860 to 16587659, saved 0 transfers, 0 snapshots, and 0 accounts
[processor] 12:40:07 [1m[36mINFO [0m [1m[34msqd:processor:mapping[0m Processed blocks from 16587660 to 16627759, saved 0 transfers, 0 snapshots, and 0 accounts
[processor] 12:40:07 [1m[36mINFO [0m [1m[34msqd:processor[0m 16627759 / 22216750, rate: 31501 blocks/sec, mapping: 1705 blocks/sec, 43 items/sec, eta: 3m
[processor] 12:40:08 [1m[36mINFO [0m [1m[34msqd:processor:mapping[0m Processed blocks from 16627760 to 16665079, saved 0 transfers, 0 snapshots, and 0 accounts
[processor] 12:40:09 [1m[36mINFO [0m [1m[34msqd:processor:mapping[0m Processed blocks from 16665080 to 16700699, saved 0 transfers, 0 snapshots, and 0 accounts
[processor] 12:40:12 [1m[36mINFO [0m [1m[34msqd:processor:mapping[0m Processed blocks from 16700700 to 16767459, saved 0 transfers, 0 snapshots, and 0 accounts
[processor] 12:40:12 [1m[36mINFO [0m [1m[34msqd:processor[0m 16767459 / 22216750, rate: 30998 blocks/sec, mapping: 1429 blocks/sec, 36 items/sec, eta: 3m
[processor] 12:40:12 [1m[36mINFO [0m [1m[34msqd:processor:mapping[0m Processed blocks from 16767460 to 16774659, saved 0 transfers, 0 snapshots, and 0 accounts
[processor] 12:40:14 [1m[36mINFO [0m [1m[34msqd:processor:mapping[0m Processed blocks from 16774660 to 16811519, saved 0 transfers, 0 snapshots, and 0 accounts
[processor] 12:40:15 [1m[36mINFO [0m [1m[34msqd:processor:mapping[0m Processed blocks from 16811520 to 16849359, saved 0 transfers, 0 snapshots, and 0 accounts
[processor] 12:40:16 [1m[36mINFO [0m [1m[34msqd:processor:mapping[0m Processed blocks from 16849360 to 16886779, saved 0 transfers, 0 snapshots, and 0 accounts
[processor] 12:40:17 [1m[36mINFO [0m [1m[34msqd:processor[0m 16886779 / 22216750, rate: 30729 blocks/sec, mapping: 1425 blocks/sec, 36 items/sec, eta: 3m
[processor] 12:40:18 [1m[36mINFO [0m [1m[34msqd:processor:mapping[0m Processed blocks from 16886780 to 16945159, saved 0 transfers, 0 snapshots, and 0 accounts
[processor] 12:40:19 [1m[36mINFO [0m [1m[34msqd:processor:mapping[0m Processed blocks from 16945160 to 16957879, saved 0 transfers, 0 snapshots, and 0 accounts
[processor] 12:40:20 [1m[36mINFO [0m [1m[34msqd:processor:mapping[0m Processed blocks from 16957880 to 16992159, saved 0 transfers, 0 snapshots, and 0 accounts
[processor] 12:40:21 [1m[36mINFO [0m [1m[34msqd:processor:mapping[0m Processed blocks from 16992160 to 17028819, saved 0 transfers, 0 snapshots, and 0 accounts
[processor] 12:40:22 [1m[36mINFO [0m [1m[34msqd:processor[0m 17028819 / 22216750, rate: 30223 blocks/sec, mapping: 1957 blocks/sec, 49 items/sec, eta: 3m
[processor] 12:40:22 [1m[36mINFO [0m [1m[34msqd:processor:mapping[0m Processed blocks from 17028820 to 17065939, saved 0 transfers, 0 snapshots, and 0 accounts
[processor] 12:40:24 [1m[36mINFO [0m [1m[34msqd:processor:mapping[0m Processed blocks from 17065940 to 17140779, saved 0 transfers, 0 snapshots, and 0 accounts
[processor] 12:40:25 [1m[36mINFO [0m [1m[34msqd:processor:mapping[0m Processed blocks from 17140780 to 17178599, saved 0 transfers, 0 snapshots, and 0 accounts
[processor] 12:40:26 [1m[36mINFO [0m [1m[34msqd:processor:mapping[0m Processed blocks from 17178600 to 17214979, saved 0 transfers, 0 snapshots, and 0 accounts
[processor] 12:40:27 [1m[36mINFO [0m [1m[34msqd:processor[0m 17214979 / 22216750, rate: 30537 blocks/sec, mapping: 3297 blocks/sec, 69 items/sec, eta: 3m
[processor] 12:40:28 [1m[36mINFO [0m [1m[34msqd:processor:mapping[0m Processed blocks from 17214980 to 17250659, saved 0 transfers, 0 snapshots, and 0 accounts
[processor] 12:40:29 [1m[36mINFO [0m [1m[34msqd:processor:mapping[0m Processed blocks from 17250660 to 17285499, saved 0 transfers, 0 snapshots, and 0 accounts
[processor] 12:40:30 [1m[36mINFO [0m [1m[34msqd:processor:mapping[0m Processed blocks from 17285500 to 17321439, saved 0 transfers, 0 snapshots, and 0 accounts
[processor] 12:40:31 [1m[36mINFO [0m [1m[34msqd:processor:mapping[0m Processed blocks from 17321440 to 17356179, saved 0 transfers, 0 snapshots, and 0 accounts
[processor] 12:40:32 [1m[36mINFO [0m [1m[34msqd:processor:mapping[0m Processed blocks from 17356180 to 17390979, saved 0 transfers, 0 snapshots, and 0 accounts
[processor] 12:40:32 [1m[36mINFO [0m [1m[34msqd:processor[0m 17390979 / 22216750, rate: 31350 blocks/sec, mapping: 1361 blocks/sec, 34 items/sec, eta: 3m
[processor] 12:40:33 [1m[36mINFO [0m [1m[34msqd:processor:mapping[0m Processed blocks from 17390980 to 17425659, saved 0 transfers, 0 snapshots, and 0 accounts
[processor] 12:40:35 [1m[36mINFO [0m [1m[34msqd:processor:mapping[0m Processed blocks from 17425660 to 17496019, saved 0 transfers, 0 snapshots, and 0 accounts
[processor] 12:40:36 [1m[36mINFO [0m [1m[34msqd:processor:mapping[0m Processed blocks from 17496020 to 17532039, saved 0 transfers, 0 snapshots, and 0 accounts
[processor] 12:40:37 [1m[36mINFO [0m [1m[34msqd:processor[0m 17532039 / 22216750, rate: 31358 blocks/sec, mapping: 1368 blocks/sec, 29 items/sec, eta: 3m
[processor] 12:40:37 [1m[36mINFO [0m [1m[34msqd:processor:mapping[0m Processed blocks from 17532040 to 17567799, saved 0 transfers, 0 snapshots, and 0 accounts
[processor] 12:40:38 [1m[36mINFO [0m [1m[34msqd:processor:mapping[0m Processed blocks from 17567800 to 17601739, saved 0 transfers, 0 snapshots, and 0 accounts
[processor] 12:40:40 [1m[36mINFO [0m [1m[34msqd:processor:mapping[0m Processed blocks from 17601740 to 17640259, saved 0 transfers, 0 snapshots, and 0 accounts
[processor] 12:40:41 [1m[36mINFO [0m [1m[34msqd:processor:mapping[0m Processed blocks from 17640260 to 17673979, saved 0 transfers, 0 snapshots, and 0 accounts
[processor] 12:40:42 [1m[36mINFO [0m [1m[34msqd:processor:mapping[0m Processed blocks from 17673980 to 17706359, saved 0 transfers, 0 snapshots, and 0 accounts
[processor] 12:40:42 [1m[36mINFO [0m [1m[34msqd:processor[0m 17706359 / 22216750, rate: 31296 blocks/sec, mapping: 2322 blocks/sec, 58 items/sec, eta: 3m
[processor] 12:40:43 [1m[36mINFO [0m [1m[34msqd:processor:mapping[0m Processed blocks from 17706360 to 17739779, saved 0 transfers, 0 snapshots, and 0 accounts
[processor] 12:40:44 [1m[36mINFO [0m [1m[34msqd:processor:mapping[0m Processed blocks from 17739780 to 17772439, saved 0 transfers, 0 snapshots, and 0 accounts
[processor] 12:40:45 [1m[36mINFO [0m [1m[34msqd:processor:mapping[0m Processed blocks from 17772440 to 17804739, saved 0 transfers, 0 snapshots, and 0 accounts
[processor] 12:40:47 [1m[36mINFO [0m [1m[34msqd:processor:mapping[0m Processed blocks from 17804740 to 17837259, saved 0 transfers, 0 snapshots, and 0 accounts
[processor] 12:40:47 [1m[36mINFO [0m [1m[34msqd:processor[0m 17837259 / 22216750, rate: 30739 blocks/sec, mapping: 2241 blocks/sec, 56 items/sec, eta: 3m
[processor] 12:40:48 [1m[36mINFO [0m [1m[34msqd:processor:mapping[0m Processed blocks from 17837260 to 17869639, saved 0 transfers, 0 snapshots, and 0 accounts
[processor] 12:40:49 [1m[36mINFO [0m [1m[34msqd:processor:mapping[0m Processed blocks from 17869640 to 17901959, saved 0 transfers, 0 snapshots, and 0 accounts
[processor] 12:40:50 [1m[36mINFO [0m [1m[34msqd:processor:mapping[0m Processed blocks from 17901960 to 17933819, saved 0 transfers, 0 snapshots, and 0 accounts
[processor] 12:40:51 [1m[36mINFO [0m [1m[34msqd:processor:mapping[0m Processed blocks from 17933820 to 17965819, saved 0 transfers, 0 snapshots, and 0 accounts
[processor] 12:40:52 [1m[36mINFO [0m [1m[34msqd:processor:mapping[0m Processed blocks from 17965820 to 17997659, saved 0 transfers, 0 snapshots, and 0 accounts
[processor] 12:40:52 [1m[36mINFO [0m [1m[34msqd:processor[0m 17997659 / 22216750, rate: 30460 blocks/sec, mapping: 2333 blocks/sec, 58 items/sec, eta: 3m
[processor] 12:40:53 [1m[36mINFO [0m [1m[34msqd:processor:mapping[0m Processed blocks from 17997660 to 18028759, saved 0 transfers, 0 snapshots, and 0 accounts
[processor] 12:40:54 [1m[36mINFO [0m [1m[34msqd:processor:mapping[0m Processed blocks from 18028760 to 18061059, saved 0 transfers, 0 snapshots, and 0 accounts
[processor] 12:40:55 [1m[36mINFO [0m [1m[34msqd:processor:mapping[0m Processed blocks from 18061060 to 18092599, saved 0 transfers, 0 snapshots, and 0 accounts
[processor] 12:40:56 [1m[36mINFO [0m [1m[34msqd:processor:mapping[0m Processed blocks from 18092600 to 18123719, saved 0 transfers, 0 snapshots, and 0 accounts
[processor] 12:40:57 [1m[36mINFO [0m [1m[34msqd:processor[0m 18123719 / 22216750, rate: 30298 blocks/sec, mapping: 2243 blocks/sec, 56 items/sec, eta: 3m
[processor] 12:40:57 [1m[36mINFO [0m [1m[34msqd:processor:mapping[0m Processed blocks from 18123720 to 18154559, saved 0 transfers, 0 snapshots, and 0 accounts
[processor] 12:40:59 [1m[36mINFO [0m [1m[34msqd:processor:mapping[0m Processed blocks from 18154560 to 18185159, saved 0 transfers, 0 snapshots, and 0 accounts
[processor] 12:41:00 [1m[36mINFO [0m [1m[34msqd:processor:mapping[0m Processed blocks from 18185160 to 18216439, saved 0 transfers, 0 snapshots, and 0 accounts
[processor] 12:41:00 [1m[36mINFO [0m [1m[34msqd:processor:mapping[0m Processed blocks from 18216440 to 18247359, saved 0 transfers, 0 snapshots, and 0 accounts
[processor] 12:41:01 [1m[36mINFO [0m [1m[34msqd:processor:mapping[0m Processed blocks from 18247360 to 18277759, saved 0 transfers, 0 snapshots, and 0 accounts
[processor] 12:41:02 [1m[36mINFO [0m [1m[34msqd:processor[0m 18277759 / 22216750, rate: 30120 blocks/sec, mapping: 2448 blocks/sec, 61 items/sec, eta: 3m
[processor] 12:41:02 [1m[36mINFO [0m [1m[34msqd:processor:mapping[0m Processed blocks from 18277760 to 18308119, saved 0 transfers, 0 snapshots, and 0 accounts
[processor] 12:41:03 [1m[36mINFO [0m [1m[34msqd:processor:mapping[0m Processed blocks from 18308120 to 18337919, saved 0 transfers, 0 snapshots, and 0 accounts
[processor] 12:41:04 [1m[36mINFO [0m [1m[34msqd:processor:mapping[0m Processed blocks from 18337920 to 18369799, saved 0 transfers, 0 snapshots, and 0 accounts
[processor] 12:41:05 [1m[36mINFO [0m [1m[34msqd:processor:mapping[0m Processed blocks from 18369800 to 18400899, saved 0 transfers, 0 snapshots, and 0 accounts
[processor] 12:41:06 [1m[36mINFO [0m [1m[34msqd:processor:mapping[0m Processed blocks from 18400900 to 18432279, saved 0 transfers, 0 snapshots, and 0 accounts
[processor] 12:41:07 [1m[36mINFO [0m [1m[34msqd:processor[0m 18432279 / 22216750, rate: 30321 blocks/sec, mapping: 1294 blocks/sec, 32 items/sec, eta: 3m
[processor] 12:41:07 [1m[36mINFO [0m [1m[34msqd:processor:mapping[0m Processed blocks from 18432280 to 18462145, saved 0 transfers, 0 snapshots, and 0 accounts
[processor] 12:41:09 [1m[36mINFO [0m [1m[34msqd:processor:mapping[0m Processed blocks from 18462146 to 18492150, saved 0 transfers, 0 snapshots, and 0 accounts
[processor] 12:41:10 [1m[36mINFO [0m [1m[34msqd:processor:mapping[0m Processed blocks from 18492151 to 18520789, saved 0 transfers, 0 snapshots, and 0 accounts
[processor] 12:41:11 [1m[36mINFO [0m [1m[34msqd:processor:mapping[0m Processed blocks from 18520790 to 18549909, saved 0 transfers, 0 snapshots, and 0 accounts
[processor] 12:41:12 [1m[36mINFO [0m [1m[34msqd:processor[0m 18549909 / 22216750, rate: 30269 blocks/sec, mapping: 1682 blocks/sec, 42 items/sec, eta: 3m
[processor] 12:41:12 [1m[36mINFO [0m [1m[34msqd:processor:mapping[0m Processed blocks from 18549910 to 18578542, saved 0 transfers, 0 snapshots, and 0 accounts
[processor] 12:41:15 [1m[36mINFO [0m [1m[34msqd:processor:mapping[0m Processed blocks from 18578543 to 18635088, saved 0 transfers, 0 snapshots, and 0 accounts
[processor] 12:41:15 [1m[36mINFO [0m [1m[34msqd:processor:mapping[0m Processed blocks from 18635089 to 18636444, saved 0 transfers, 0 snapshots, and 0 accounts
[processor] 12:41:16 [1m[36mINFO [0m [1m[34msqd:processor:mapping[0m Processed blocks from 18636445 to 18662967, saved 0 transfers, 0 snapshots, and 0 accounts
[processor] 12:41:17 [1m[36mINFO [0m [1m[34msqd:processor:mapping[0m Processed blocks from 18662968 to 18693658, saved 0 transfers, 0 snapshots, and 0 accounts
[processor] 12:41:17 [1m[36mINFO [0m [1m[34msqd:processor[0m 18693658 / 22216750, rate: 30120 blocks/sec, mapping: 2203 blocks/sec, 55 items/sec, eta: 2m
[processor] 12:41:18 [1m[36mINFO [0m [1m[34msqd:processor:mapping[0m Processed blocks from 18693659 to 18723786, saved 0 transfers, 0 snapshots, and 0 accounts
[processor] 12:41:19 [1m[36mINFO [0m [1m[34msqd:processor:mapping[0m Processed blocks from 18723787 to 18752164, saved 0 transfers, 0 snapshots, and 0 accounts
[processor] 12:41:20 [1m[36mINFO [0m [1m[34msqd:processor:mapping[0m Processed blocks from 18752165 to 18778083, saved 0 transfers, 0 snapshots, and 0 accounts
[processor] 12:41:20 [1m[36mINFO [0m [1m[34msqd:processor:mapping[0m Processed blocks from 18778084 to 18803806, saved 0 transfers, 0 snapshots, and 0 accounts
[processor] 12:41:21 [1m[36mINFO [0m [1m[34msqd:processor:mapping[0m Processed blocks from 18803807 to 18832393, saved 0 transfers, 0 snapshots, and 0 accounts
[processor] 12:41:22 [1m[36mINFO [0m [1m[34msqd:processor[0m 18832393 / 22216750, rate: 29453 blocks/sec, mapping: 2481 blocks/sec, 62 items/sec, eta: 2m
[processor] 12:41:23 [1m[36mINFO [0m [1m[34msqd:processor:mapping[0m Processed blocks from 18832394 to 18892766, saved 0 transfers, 0 snapshots, and 0 accounts
[processor] 12:41:24 [1m[36mINFO [0m [1m[34msqd:processor:mapping[0m Processed blocks from 18892767 to 18922825, saved 0 transfers, 0 snapshots, and 0 accounts
[processor] 12:41:25 [1m[36mINFO [0m [1m[34msqd:processor:mapping[0m Processed blocks from 18922826 to 18950437, saved 0 transfers, 0 snapshots, and 0 accounts
[processor] 12:41:26 [1m[36mINFO [0m [1m[34msqd:processor:mapping[0m Processed blocks from 18950438 to 18975714, saved 0 transfers, 0 snapshots, and 0 accounts
[processor] 12:41:27 [1m[36mINFO [0m [1m[34msqd:processor:mapping[0m Processed blocks from 18975715 to 19004602, saved 0 transfers, 0 snapshots, and 0 accounts
[processor] 12:41:27 [1m[36mINFO [0m [1m[34msqd:processor[0m 19004602 / 22216750, rate: 29214 blocks/sec, mapping: 1678 blocks/sec, 35 items/sec, eta: 2m
[processor] 12:41:28 [1m[36mINFO [0m [1m[34msqd:processor:mapping[0m Processed blocks from 19004603 to 19035728, saved 0 transfers, 0 snapshots, and 0 accounts
[processor] 12:41:29 [1m[36mINFO [0m [1m[34msqd:processor:mapping[0m Processed blocks from 19035729 to 19063439, saved 0 transfers, 0 snapshots, and 0 accounts
[processor] 12:41:30 [1m[36mINFO [0m [1m[34msqd:processor:mapping[0m Processed blocks from 19063440 to 19091498, saved 0 transfers, 0 snapshots, and 0 accounts
[processor] 12:41:31 [1m[36mINFO [0m [1m[34msqd:processor:mapping[0m Processed blocks from 19091499 to 19118767, saved 0 transfers, 0 snapshots, and 0 accounts
[processor] 12:41:32 [1m[36mINFO [0m [1m[34msqd:processor:mapping[0m Processed blocks from 19118768 to 19147096, saved 0 transfers, 0 snapshots, and 0 accounts
[processor] 12:41:32 [1m[36mINFO [0m [1m[34msqd:processor[0m 19147096 / 22216750, rate: 28735 blocks/sec, mapping: 1889 blocks/sec, 47 items/sec, eta: 2m
[processor] 12:41:34 [1m[36mINFO [0m [1m[34msqd:processor:mapping[0m Processed blocks from 19147097 to 19208592, saved 0 transfers, 0 snapshots, and 0 accounts
[processor] 12:41:35 [1m[36mINFO [0m [1m[34msqd:processor:mapping[0m Processed blocks from 19208593 to 19237554, saved 0 transfers, 0 snapshots, and 0 accounts
[processor] 12:41:36 [1m[36mINFO [0m [1m[34msqd:processor:mapping[0m Processed blocks from 19237555 to 19265806, saved 0 transfers, 0 snapshots, and 0 accounts
[processor] 12:41:37 [1m[36mINFO [0m [1m[34msqd:processor:mapping[0m Processed blocks from 19265807 to 19294706, saved 0 transfers, 0 snapshots, and 0 accounts
[processor] 12:41:37 [1m[36mINFO [0m [1m[34msqd:processor[0m 19294706 / 22216750, rate: 28876 blocks/sec, mapping: 2528 blocks/sec, 53 items/sec, eta: 2m
[processor] 12:41:38 [1m[36mINFO [0m [1m[34msqd:processor:mapping[0m Processed blocks from 19294707 to 19322380, saved 0 transfers, 0 snapshots, and 0 accounts
[processor] 12:41:39 [1m[36mINFO [0m [1m[34msqd:processor:mapping[0m Processed blocks from 19322381 to 19350219, saved 0 transfers, 0 snapshots, and 0 accounts
[processor] 12:41:40 [1m[36mINFO [0m [1m[34msqd:processor:mapping[0m Processed blocks from 19350220 to 19380434, saved 0 transfers, 0 snapshots, and 0 accounts
[processor] 12:41:41 [1m[36mINFO [0m [1m[34msqd:processor:mapping[0m Processed blocks from 19380435 to 19410787, saved 0 transfers, 0 snapshots, and 0 accounts
[processor] 12:41:42 [1m[36mINFO [0m [1m[34msqd:processor:mapping[0m Processed blocks from 19410788 to 19444797, saved 0 transfers, 0 snapshots, and 0 accounts
[processor] 12:41:42 [1m[36mINFO [0m [1m[34msqd:processor[0m 19444797 / 22216750, rate: 29196 blocks/sec, mapping: 2714 blocks/sec, 68 items/sec, eta: 2m
[processor] 12:41:43 [1m[36mINFO [0m [1m[34msqd:processor:mapping[0m Processed blocks from 19444798 to 19479038, saved 0 transfers, 0 snapshots, and 0 accounts
[processor] 12:41:44 [1m[36mINFO [0m [1m[34msqd:processor:mapping[0m Processed blocks from 19479039 to 19512873, saved 0 transfers, 0 snapshots, and 0 accounts
[processor] 12:41:46 [1m[36mINFO [0m [1m[34msqd:processor:mapping[0m Processed blocks from 19512874 to 19547914, saved 0 transfers, 0 snapshots, and 0 accounts
[processor] 12:41:47 [1m[36mINFO [0m [1m[34msqd:processor:mapping[0m Processed blocks from 19547915 to 19583177, saved 0 transfers, 0 snapshots, and 0 accounts
[processor] 12:41:47 [1m[36mINFO [0m [1m[34msqd:processor[0m 19583177 / 22216750, rate: 29119 blocks/sec, mapping: 2450 blocks/sec, 61 items/sec, eta: 2m
[processor] 12:41:48 [1m[36mINFO [0m [1m[34msqd:processor:mapping[0m Processed blocks from 19583178 to 19618428, saved 0 transfers, 0 snapshots, and 0 accounts
[processor] 12:41:49 [1m[36mINFO [0m [1m[34msqd:processor:mapping[0m Processed blocks from 19618429 to 19652487, saved 0 transfers, 0 snapshots, and 0 accounts
[processor] 12:41:50 [1m[36mINFO [0m [1m[34msqd:processor:mapping[0m Processed blocks from 19652488 to 19687063, saved 0 transfers, 0 snapshots, and 0 accounts
[processor] 12:41:51 [1m[36mINFO [0m [1m[34msqd:processor:mapping[0m Processed blocks from 19687064 to 19722562, saved 0 transfers, 0 snapshots, and 0 accounts
[processor] 12:41:52 [1m[36mINFO [0m [1m[34msqd:processor[0m 19722562 / 22216750, rate: 29140 blocks/sec, mapping: 2481 blocks/sec, 62 items/sec, eta: 2m
[processor] 12:41:52 [1m[36mINFO [0m [1m[34msqd:processor:mapping[0m Processed blocks from 19722563 to 19756806, saved 0 transfers, 0 snapshots, and 0 accounts
[processor] 12:41:54 [1m[36mINFO [0m [1m[34msqd:processor:mapping[0m Processed blocks from 19756807 to 19793899, saved 0 transfers, 0 snapshots, and 0 accounts
[processor] 12:41:55 [1m[36mINFO [0m [1m[34msqd:processor:mapping[0m Processed blocks from 19793900 to 19831628, saved 0 transfers, 0 snapshots, and 0 accounts
[processor] 12:41:56 [1m[36mINFO [0m [1m[34msqd:processor:mapping[0m Processed blocks from 19831629 to 19869102, saved 0 transfers, 0 snapshots, and 0 accounts
[processor] 12:41:57 [1m[36mINFO [0m [1m[34msqd:processor[0m 19869102 / 22216750, rate: 29204 blocks/sec, mapping: 1349 blocks/sec, 34 items/sec, eta: 2m
[processor] 12:41:57 [1m[36mINFO [0m [1m[34msqd:processor:mapping[0m Processed blocks from 19869103 to 19906074, saved 0 transfers, 0 snapshots, and 0 accounts
[processor] 12:41:58 [1m[36mINFO [0m [1m[34msqd:processor:mapping[0m Processed blocks from 19906075 to 19942484, saved 0 transfers, 0 snapshots, and 0 accounts
[processor] 12:42:01 [1m[36mINFO [0m [1m[34msqd:processor:mapping[0m Processed blocks from 19942485 to 20008853, saved 0 transfers, 0 snapshots, and 0 accounts
[processor] 12:42:01 [1m[36mINFO [0m [1m[34msqd:processor:mapping[0m Processed blocks from 20008854 to 20012595, saved 0 transfers, 0 snapshots, and 0 accounts
[processor] 12:42:02 [1m[36mINFO [0m [1m[34msqd:processor[0m 20012595 / 22216750, rate: 29026 blocks/sec, mapping: 707 blocks/sec, 18 items/sec, eta: 2m
[processor] 12:42:03 [1m[36mINFO [0m [1m[34msqd:processor:mapping[0m Processed blocks from 20012596 to 20049860, saved 6 transfers, 6 snapshots, and 3 accounts
[processor] 12:42:04 [1m[36mINFO [0m [1m[34msqd:processor:mapping[0m Processed blocks from 20049861 to 20086631, saved 0 transfers, 3 snapshots, and 3 accounts
[processor] 12:42:05 [1m[36mINFO [0m [1m[34msqd:processor:mapping[0m Processed blocks from 20086632 to 20122902, saved 2 transfers, 6 snapshots, and 5 accounts
[processor] 12:42:07 [1m[36mINFO [0m [1m[34msqd:processor:mapping[0m Processed blocks from 20122903 to 20159534, saved 0 transfers, 5 snapshots, and 5 accounts
[processor] 12:42:07 [1m[36mINFO [0m [1m[34msqd:processor[0m 20159534 / 22216750, rate: 28898 blocks/sec, mapping: 50 blocks/sec, 3 items/sec, eta: 2m
[processor] 12:42:09 [1m[36mINFO [0m [1m[34msqd:processor:mapping[0m Processed blocks from 20159535 to 20195854, saved 5 transfers, 11 snapshots, and 8 accounts
[processor] 12:42:10 [1m[36mINFO [0m [1m[34msqd:processor:mapping[0m Processed blocks from 20195855 to 20233906, saved 0 transfers, 8 snapshots, and 8 accounts
[processor] 12:42:12 [1m[36mINFO [0m [1m[34msqd:processor[0m 20233906 / 22216750, rate: 28665 blocks/sec, mapping: 40 blocks/sec, 2 items/sec, eta: 2m
[processor] 12:42:12 [1m[36mINFO [0m [1m[34msqd:processor:mapping[0m Processed blocks from 20233907 to 20271015, saved 5 transfers, 17 snapshots, and 9 accounts
[processor] 12:42:15 [1m[36mINFO [0m [1m[34msqd:processor:mapping[0m Processed blocks from 20271016 to 20308764, saved 9 transfers, 25 snapshots, and 13 accounts
[processor] 12:42:17 [1m[36mINFO [0m [1m[34msqd:processor[0m 20308764 / 22216750, rate: 27620 blocks/sec, mapping: 24 blocks/sec, 2 items/sec, eta: 2m
[processor] 12:42:26 [1m[36mINFO [0m [1m[34msqd:processor:mapping[0m Processed blocks from 20308765 to 20346019, saved 34 transfers, 78 snapshots, and 17 accounts
[processor] 12:42:26 [1m[36mINFO [0m [1m[34msqd:processor[0m 20346019 / 22216750, rate: 24096 blocks/sec, mapping: 13 blocks/sec, 3 items/sec, eta: 2m
[processor] 12:42:29 [1m[36mINFO [0m [1m[34msqd:processor:mapping[0m Processed blocks from 20346020 to 20383355, saved 3 transfers, 22 snapshots, and 17 accounts
[processor] 12:42:31 [1m[36mINFO [0m [1m[34msqd:processor[0m 20383355 / 22216750, rate: 23446 blocks/sec, mapping: 13 blocks/sec, 3 items/sec, eta: 2m
[processor] 12:42:31 [1m[36mINFO [0m [1m[34msqd:processor:mapping[0m Processed blocks from 20383356 to 20422269, saved 3 transfers, 20 snapshots, and 17 accounts
[processor] 12:42:35 [1m[36mINFO [0m [1m[34msqd:processor:mapping[0m Processed blocks from 20422270 to 20459121, saved 7 transfers, 29 snapshots, and 17 accounts
[processor] 12:42:36 [1m[36mINFO [0m [1m[34msqd:processor[0m 20459121 / 22216750, rate: 22505 blocks/sec, mapping: 11 blocks/sec, 2 items/sec, eta: 2m
[processor] 12:42:37 [1m[36mINFO [0m [1m[34msqd:processor:mapping[0m Processed blocks from 20459122 to 20496698, saved 6 transfers, 24 snapshots, and 17 accounts
[processor] 12:42:41 [1m[36mINFO [0m [1m[34msqd:processor[0m 20496698 / 22216750, rate: 22114 blocks/sec, mapping: 12 blocks/sec, 2 items/sec, eta: 2m
[processor] 12:42:41 [1m[36mINFO [0m [1m[34msqd:processor:mapping[0m Processed blocks from 20496699 to 20534583, saved 8 transfers, 32 snapshots, and 18 accounts
[processor] 12:42:46 [1m[36mINFO [0m [1m[34msqd:processor[0m 20534583 / 22216750, rate: 21375 blocks/sec, mapping: 15 blocks/sec, 2 items/sec, eta: 2m
[processor] 12:43:02 [1m[36mINFO [0m [1m[34msqd:processor:mapping[0m Processed blocks from 20534584 to 20574134, saved 82 transfers, 149 snapshots, and 44 accounts
[processor] 12:43:02 [1m[36mINFO [0m [1m[34msqd:processor[0m 20574134 / 22216750, rate: 17367 blocks/sec, mapping: 9 blocks/sec, 3 items/sec, eta: 2m
[processor] 12:48:36 [1m[36mINFO [0m [1m[34msqd:processor:mapping[0m Processed blocks from 20574135 to 20609892, saved 1629 transfers, 2316 snapshots, and 789 accounts
[processor] 12:48:36 [1m[36mINFO [0m [1m[34msqd:processor[0m 20609892 / 22218244, rate: 3967 blocks/sec, mapping: 4 blocks/sec, 5 items/sec, eta: 7m
[processor] 13:26:01 [1m[36mINFO [0m [1m[34msqd:processor:mapping[0m Processed blocks from 20609893 to 20648011, saved 7769 transfers, 12173 snapshots, and 5117 accounts
[processor] 13:26:01 [1m[36mINFO [0m [1m[34msqd:processor[0m 20648011 / 22218244, rate: 644 blocks/sec, mapping: 2 blocks/sec, 4 items/sec, eta: 41m
